<?xml version="1.0" encoding="UTF-8"?>
<!-- Generated by org.testng.reporters.JUnitXMLReporter -->
<testsuite ignored="0" hostname="DESKTOP-OSVRB79" failures="0" tests="2" name="Test" time="79.772" errors="0" timestamp="2024-01-11T13:57:24 IST">
  <testcase classname="coverFox_Test.Validate_result_for_healthCare" name="validateResultFromTextAndBanner" time="22.01"/>
  <testcase classname="coverFox_Test.Validate_errorMsg_for_Pincode_Field" name="validateErrorMsgForPincodeIsDisplayed" time="5.163"/>
</testsuite> <!-- Test -->
