<?xml version="1.0" encoding="UTF-8"?>
<testng-results ignored="0" total="1" passed="1" failed="0" skipped="0">
  <reporter-output>
    <line>
      <![CDATA[browser is launching]]>
    </line>
    <line>
      <![CDATA[reading data from excel]]>
    </line>
    <line>
      <![CDATA[reading data from excel]]>
    </line>
    <line>
      <![CDATA[reading data from excel]]>
    </line>
    <line>
      <![CDATA[taking ss]]>
    </line>
    <line>
      <![CDATA[saving ss atC:\Users\Dell\Desktop\velocity\ss_coverfox_TC_555_1970.01.01.05.30.00.png]]>
    </line>
  </reporter-output>
  <suite started-at="2024-01-12T13:18:36 IST" name="Default suite" finished-at="2024-01-12T13:19:39 IST" duration-ms="62205">
    <groups>
    </groups>
    <test started-at="2024-01-12T13:18:36 IST" name="Default test" finished-at="2024-01-12T13:19:39 IST" duration-ms="62205">
      <class name="coverFox_Test.Validate_result_for_healthCare2withLog4j">
        <test-method is-config="true" signature="openBrowser()[pri:0, instance:coverFox_Test.Validate_result_for_healthCare2withLog4j@75d3a5e0]" started-at="2024-01-12T13:18:36 IST" name="openBrowser" finished-at="2024-01-12T13:18:58 IST" duration-ms="21620" status="PASS">
          <reporter-output>
            <line>
              <![CDATA[browser is launching]]>
            </line>
          </reporter-output>
        </test-method> <!-- openBrowser -->
        <test-method is-config="true" signature="enterRequiredDetails()[pri:0, instance:coverFox_Test.Validate_result_for_healthCare2withLog4j@75d3a5e0]" started-at="2024-01-12T13:18:58 IST" name="enterRequiredDetails" finished-at="2024-01-12T13:19:11 IST" duration-ms="12930" status="PASS">
          <reporter-output>
            <line>
              <![CDATA[reading data from excel]]>
            </line>
            <line>
              <![CDATA[reading data from excel]]>
            </line>
            <line>
              <![CDATA[reading data from excel]]>
            </line>
          </reporter-output>
        </test-method> <!-- enterRequiredDetails -->
        <test-method signature="validateResultFromTextAndBanner()[pri:0, instance:coverFox_Test.Validate_result_for_healthCare2withLog4j@75d3a5e0]" started-at="2024-01-12T13:19:11 IST" name="validateResultFromTextAndBanner" finished-at="2024-01-12T13:19:33 IST" duration-ms="21998" status="PASS">
          <reporter-output>
            <line>
              <![CDATA[taking ss]]>
            </line>
            <line>
              <![CDATA[saving ss atC:\Users\Dell\Desktop\velocity\ss_coverfox_TC_555_1970.01.01.05.30.00.png]]>
            </line>
          </reporter-output>
        </test-method> <!-- validateResultFromTextAndBanner -->
        <test-method is-config="true" signature="closeTheBrowser()[pri:0, instance:coverFox_Test.Validate_result_for_healthCare2withLog4j@75d3a5e0]" started-at="2024-01-12T13:19:33 IST" name="closeTheBrowser" finished-at="2024-01-12T13:19:39 IST" duration-ms="5468" status="PASS">
          <reporter-output>
          </reporter-output>
        </test-method> <!-- closeTheBrowser -->
      </class> <!-- coverFox_Test.Validate_result_for_healthCare2withLog4j -->
    </test> <!-- Default test -->
  </suite> <!-- Default suite -->
</testng-results>
